[main] INFO  google;  - url is open
[main] INFO  google;  - click marathi lang
[main] INFO  google;  - click eng lang
[main] INFO  google;  - click hindi lang
[main] INFO  google;  - open URL
[main] INFO  google;  - search abdl kalam
[main] INFO  google;  - clear keyword
[main] INFO  google;  - search amitabh bhachhan
[main] INFO  google;  - url is open
[main] INFO  google;  - click marathi lang
[main] INFO  google;  - click eng lang
[main] INFO  google;  - click hindi lang
[main] INFO  google;  - url is open
[main] INFO  google;  - click marathi lang
[main] INFO  google;  - click eng lang
[main] INFO  google;  - click hindi lang
[main] INFO  google;  - open URL
[main] INFO  google;  - search abdl kalam
[main] INFO  google;  - clear keyword
[main] INFO  google;  - search amitabh bhachhan
[main] INFO  google;  - url is open
[main] INFO  google;  - click marathi lang
[main] INFO  google;  - click eng lang
[main] INFO  google;  - click hindi lang
[main] INFO  google;  - open URL
[main] INFO  google;  - search abdl kalam
[main] INFO  google;  - clear keyword
[main] INFO  google;  - search amitabh bhachhan
[main] INFO  google;  - url is open
[main] INFO  google;  - click marathi lang
[main] INFO  google;  - click eng lang
[main] INFO  google;  - click hindi lang
[main] INFO  google;  - open URL
[main] INFO  google;  - search abdl kalam
[main] INFO  google;  - clear keyword
[main] INFO  google;  - search amitabh bhachhan
[main] INFO  google;  - url is open
[main] INFO  google;  - click marathi lang
[main] INFO  google;  - click eng lang
[main] INFO  google;  - click hindi lang
[main] INFO  google;  - url is open
[main] INFO  google;  - click marathi lang
[main] INFO  google;  - click eng lang
[main] INFO  google;  - click hindi lang
[main] INFO  google;  - url is open
[main] INFO  google;  - click marathi lang
[main] INFO  google;  - click eng lang
[main] INFO  google;  - click hindi lang
[main] INFO  google;  - url is open
[main] INFO  google;  - click marathi lang
[main] INFO  google;  - click eng lang
[main] INFO  google;  - click hindi lang
